INFO:     Will watch for changes in these directories: ['/home/surjit/Desktop/ssd project/bedmanager-team25/ml-service']
INFO:     Uvicorn running on http://0.0.0.0:8000 (Press CTRL+C to quit)
INFO:     Started reloader process [28744] using StatReload
INFO:     Started server process [28759]
INFO:     Waiting for application startup.
2025-12-01 23:51:20,870 - main - INFO - Starting Hospital Bed Manager ML Service v1.0.0
2025-12-01 23:51:20,870 - main - INFO - Models directory: /home/surjit/Desktop/ssd project/bedmanager-team25/ml-service/models
2025-12-01 23:51:20,870 - main - INFO - Loading ML models...
2025-12-01 23:51:21,700 - main - INFO - ✓ Discharge model loaded successfully
2025-12-01 23:51:21,719 - main - INFO - ✓ Bed availability model loaded successfully
2025-12-01 23:51:21,740 - main - INFO - ✓ Cleaning duration model loaded successfully
2025-12-01 23:51:21,741 - main - INFO - Models loaded: 3/3
2025-12-01 23:51:21,741 - main - INFO - ML Service started successfully
INFO:     Application startup complete.
2025-12-01 23:51:32,866 - routes.predictions - INFO - Calculated historical averages: ward_avg=48.67h, time_avg=35.53h, ward_time_avg=47.27h
/home/surjit/Desktop/ssd project/bedmanager-team25/ml-service/venv/lib/python3.12/site-packages/sklearn/utils/validation.py:2749: UserWarning: X does not have valid feature names, but RandomForestRegressor was fitted with feature names
  warnings.warn(
INFO:     127.0.0.1:38176 - "POST /api/ml/predict/discharge HTTP/1.1" 200 OK
2025-12-01 23:52:43,998 - routes.predictions - INFO - Calculated historical averages: ward_avg=48.67h, time_avg=35.53h, ward_time_avg=47.27h
/home/surjit/Desktop/ssd project/bedmanager-team25/ml-service/venv/lib/python3.12/site-packages/sklearn/utils/validation.py:2749: UserWarning: X does not have valid feature names, but RandomForestRegressor was fitted with feature names
  warnings.warn(
INFO:     127.0.0.1:59860 - "POST /api/ml/predict/discharge HTTP/1.1" 200 OK
2025-12-01 23:52:49,581 - routes.predictions - INFO - Calculated historical averages: ward_avg=48.67h, time_avg=35.53h, ward_time_avg=47.27h
/home/surjit/Desktop/ssd project/bedmanager-team25/ml-service/venv/lib/python3.12/site-packages/sklearn/utils/validation.py:2749: UserWarning: X does not have valid feature names, but RandomForestRegressor was fitted with feature names
  warnings.warn(
INFO:     127.0.0.1:37142 - "POST /api/ml/predict/discharge HTTP/1.1" 200 OK
2025-12-01 23:53:28,039 - routes.predictions - INFO - Calculated historical averages: ward_avg=48.67h, time_avg=35.53h, ward_time_avg=47.27h
/home/surjit/Desktop/ssd project/bedmanager-team25/ml-service/venv/lib/python3.12/site-packages/sklearn/utils/validation.py:2749: UserWarning: X does not have valid feature names, but RandomForestRegressor was fitted with feature names
  warnings.warn(
INFO:     127.0.0.1:40126 - "POST /api/ml/predict/discharge HTTP/1.1" 200 OK
